<?xml version="1.0" encoding="UTF-8"?>
<!-- Generated by org.testng.reporters.JUnitReportReporter -->
<testsuite hostname="DESKTOP-942KJ2N" failures="0" tests="1" name="TestCases.VerifySinUp" time="13.750" errors="0" timestamp="2023-02-17T07:58:08 IST" skipped="0">
  <testcase classname="TestCases.VerifySinUp" name="Sinup" time="13.750"/>
  <system-out/>
</testsuite> <!-- TestCases.VerifySinUp -->
