<?xml version="1.0" encoding="UTF-8"?>
<!-- Generated by org.testng.reporters.JUnitReportReporter -->
<testsuite hostname="DESKTOP-942KJ2N" failures="0" tests="2" name="TestCases.VerifyLogin" time="14.428" errors="0" timestamp="2023-02-17T08:12:08 IST" skipped="0">
  <testcase classname="TestCases.VerifyLogin" name="login" time="8.119"/>
  <system-out/>
  <testcase classname="TestCases.VerifyLogin" name="login" time="6.309"/>
  <system-out/>
</testsuite> <!-- TestCases.VerifyLogin -->
