<?xml version="1.0" encoding="UTF-8"?>
<!-- Generated by org.testng.reporters.JUnitReportReporter -->
<testsuite hostname="DESKTOP-942KJ2N" failures="0" tests="1" name="TestCases.VerifySinUp" time="16.543" errors="0" timestamp="2023-02-16T12:25:31 IST" skipped="0">
  <testcase classname="TestCases.VerifySinUp" name="Sinup" time="16.543"/>
  <system-out/>
</testsuite> <!-- TestCases.VerifySinUp -->
