<?xml version="1.0" encoding="UTF-8"?>
<!-- Generated by org.testng.reporters.JUnitReportReporter -->
<testsuite hostname="DESKTOP-942KJ2N" failures="0" tests="1" name="TestCases.VerifySinUp" time="18.634" errors="0" timestamp="2023-02-17T07:31:34 IST" skipped="0">
  <testcase classname="TestCases.VerifySinUp" name="Sinup" time="18.634"/>
  <system-out/>
</testsuite> <!-- TestCases.VerifySinUp -->
